<?xml version="1.0" encoding="UTF-8"?>
<!-- Generated by org.testng.reporters.JUnitReportReporter -->
<testsuite hostname="DESKTOP-QAD6K9S" failures="0" tests="1" name="com.DS.TestLayer.AndrewToroInfoTest" time="14.885" errors="0" timestamp="2023-03-03T12:35:04 IST" skipped="0">
  <testcase classname="com.DS.TestLayer.AndrewToroInfoTest" name="AndrewToroInfoTest" time="14.885"/>
  <system-out/>
</testsuite> <!-- com.DS.TestLayer.AndrewToroInfoTest -->
